<?xml version="1.0" encoding="utf-8"?><testsuites name="pytest tests"><testsuite name="pytest" errors="0" failures="0" skipped="0" tests="13" time="1.549" timestamp="2026-07-04T09:14:25.346082+00:00" hostname="agent-env-cb791f20-16ab-4a11-9ada-ee9fbaf19743"><testcase classname="tests.backend_test" name="test_get_subjects" time="0.233" /><testcase classname="tests.backend_test" name="test_create_user_valid" time="0.165" /><testcase classname="tests.backend_test" name="test_create_user_too_short" time="0.059" /><testcase classname="tests.backend_test" name="test_create_user_empty" time="0.041" /><testcase classname="tests.backend_test" name="test_practice_questions_history" time="0.042" /><testcase classname="tests.backend_test" name="test_practice_questions_invalid_subject" time="0.046" /><testcase classname="tests.backend_test" name="test_mock_questions_per_subject_5" time="0.046" /><testcase classname="tests.backend_test" name="test_mock_questions_default" time="0.050" /><testcase classname="tests.backend_test" name="test_submit_result" time="0.096" /><testcase classname="tests.backend_test" name="test_get_user_results" time="0.043" /><testcase classname="tests.backend_test" name="test_leaderboard_sorted" time="0.081" /><testcase classname="tests.backend_test" name="test_leaderboard_filter_mock" time="0.042" /><testcase classname="tests.backend_test" name="test_leaderboard_filter_practice" time="0.043" /></testsuite></testsuites>